2017-03-22 23:45:07,144 - Log4JLogChute initialized using file 'velocity.log'
2017-03-22 23:45:07,144 - Velocity was not initialized! Calling init()...
2017-03-22 23:45:07,145 - Starting Apache Velocity v1.5 (compiled: 2007-02-22 08:52:29)
2017-03-22 23:45:07,145 - Default Properties File: org/apache/velocity/runtime/defaults/velocity.properties
2017-03-22 23:45:07,145 - Trying to use logger class org.apache.velocity.runtime.log.AvalonLogChute
2017-03-22 23:45:07,145 - Couldn't find class org.apache.velocity.runtime.log.AvalonLogChute or necessary supporting classes in classpath.
java.lang.NoClassDefFoundError: org/apache/log/format/Formatter
	at java.lang.Class.forName0(Native Method)
	at java.lang.Class.forName(Class.java:348)
	at org.apache.velocity.util.ClassUtils.getClass(ClassUtils.java:63)
	at org.apache.velocity.util.ClassUtils.getNewInstance(ClassUtils.java:95)
	at org.apache.velocity.runtime.log.LogManager.createLogChute(LogManager.java:147)
	at org.apache.velocity.runtime.log.LogManager.updateLog(LogManager.java:208)
	at org.apache.velocity.runtime.RuntimeInstance.initializeLog(RuntimeInstance.java:728)
	at org.apache.velocity.runtime.RuntimeInstance.init(RuntimeInstance.java:240)
	at org.apache.velocity.runtime.RuntimeInstance.parse(RuntimeInstance.java:993)
	at org.apache.velocity.runtime.RuntimeInstance.parse(RuntimeInstance.java:972)
	at org.apache.velocity.runtime.RuntimeSingleton.parse(RuntimeSingleton.java:265)
	at org.apache.velocity.app.Velocity.evaluate(Velocity.java:274)
	at org.sonatype.mavenbook.weather.WeatherFormatter.format(WeatherFormatter.java:21)
	at org.sonatype.mavenbook.weather.yahoo.WeatherFormatterTest.testFormat(WeatherFormatterTest.java:23)
	at sun.reflect.NativeMethodAccessorImpl.invoke0(Native Method)
	at sun.reflect.NativeMethodAccessorImpl.invoke(NativeMethodAccessorImpl.java:62)
	at sun.reflect.DelegatingMethodAccessorImpl.invoke(DelegatingMethodAccessorImpl.java:43)
	at java.lang.reflect.Method.invoke(Method.java:498)
	at junit.framework.TestCase.runTest(TestCase.java:176)
	at junit.framework.TestCase.runBare(TestCase.java:141)
	at junit.framework.TestResult$1.protect(TestResult.java:122)
	at junit.framework.TestResult.runProtected(TestResult.java:142)
	at junit.framework.TestResult.run(TestResult.java:125)
	at junit.framework.TestCase.run(TestCase.java:129)
	at junit.framework.TestSuite.runTest(TestSuite.java:252)
	at junit.framework.TestSuite.run(TestSuite.java:247)
	at org.junit.internal.runners.JUnit38ClassRunner.run(JUnit38ClassRunner.java:86)
	at org.apache.maven.surefire.junit4.JUnit4Provider.execute(JUnit4Provider.java:252)
	at org.apache.maven.surefire.junit4.JUnit4Provider.executeTestSet(JUnit4Provider.java:141)
	at org.apache.maven.surefire.junit4.JUnit4Provider.invoke(JUnit4Provider.java:112)
	at sun.reflect.NativeMethodAccessorImpl.invoke0(Native Method)
	at sun.reflect.NativeMethodAccessorImpl.invoke(NativeMethodAccessorImpl.java:62)
	at sun.reflect.DelegatingMethodAccessorImpl.invoke(DelegatingMethodAccessorImpl.java:43)
	at java.lang.reflect.Method.invoke(Method.java:498)
	at org.apache.maven.surefire.util.ReflectionUtils.invokeMethodWithArray(ReflectionUtils.java:189)
	at org.apache.maven.surefire.booter.ProviderFactory$ProviderProxy.invoke(ProviderFactory.java:165)
	at org.apache.maven.surefire.booter.ProviderFactory.invokeProvider(ProviderFactory.java:85)
	at org.apache.maven.surefire.booter.ForkedBooter.runSuitesInProcess(ForkedBooter.java:115)
	at org.apache.maven.surefire.booter.ForkedBooter.main(ForkedBooter.java:75)
Caused by: java.lang.ClassNotFoundException: org.apache.log.format.Formatter
	at java.net.URLClassLoader.findClass(URLClassLoader.java:381)
	at java.lang.ClassLoader.loadClass(ClassLoader.java:424)
	at sun.misc.Launcher$AppClassLoader.loadClass(Launcher.java:331)
	at java.lang.ClassLoader.loadClass(ClassLoader.java:357)
	... 39 more
2017-03-22 23:45:07,146 - Trying to use logger class org.apache.velocity.runtime.log.Log4JLogChute
2017-03-22 23:45:07,147 - Using logger class org.apache.velocity.runtime.log.Log4JLogChute
2017-03-22 23:45:07,148 - Default ResourceManager initializing. (class org.apache.velocity.runtime.resource.ResourceManagerImpl)
2017-03-22 23:45:07,150 - ResourceLoader instantiated: org.apache.velocity.runtime.resource.loader.FileResourceLoader
2017-03-22 23:45:07,151 - Do unicode file recognition:  false
2017-03-22 23:45:07,151 - FileResourceLoader : adding path '.'
2017-03-22 23:45:07,164 - ResourceCache: initialized (class org.apache.velocity.runtime.resource.ResourceCacheImpl)
2017-03-22 23:45:07,165 - Loaded System Directive: org.apache.velocity.runtime.directive.Literal
2017-03-22 23:45:07,166 - Loaded System Directive: org.apache.velocity.runtime.directive.Macro
2017-03-22 23:45:07,167 - Loaded System Directive: org.apache.velocity.runtime.directive.Parse
2017-03-22 23:45:07,167 - Loaded System Directive: org.apache.velocity.runtime.directive.Include
2017-03-22 23:45:07,168 - Loaded System Directive: org.apache.velocity.runtime.directive.Foreach
2017-03-22 23:45:07,186 - Created '20' parsers.
2017-03-22 23:45:07,190 - Velocimacro : "velocimacro.library" is not set.  Trying default library: VM_global_library.vm
2017-03-22 23:45:07,190 - Velocimacro : Default library not found.
2017-03-22 23:45:07,190 - Velocimacro : allowInline = true : VMs can be defined inline in templates
2017-03-22 23:45:07,190 - Velocimacro : allowInlineToOverride = false : VMs defined inline may NOT replace previous VM definitions
2017-03-22 23:45:07,190 - Velocimacro : allowInlineLocal = false : VMs defined inline will be global in scope if allowed.
2017-03-22 23:45:07,190 - Velocimacro : autoload off : VM system will not automatically reload global library macros
2017-03-22 23:50:57,051 - Log4JLogChute initialized using file 'velocity.log'
2017-03-22 23:50:57,052 - Velocity was not initialized! Calling init()...
2017-03-22 23:50:57,052 - Starting Apache Velocity v1.5 (compiled: 2007-02-22 08:52:29)
2017-03-22 23:50:57,052 - Default Properties File: org/apache/velocity/runtime/defaults/velocity.properties
2017-03-22 23:50:57,052 - Trying to use logger class org.apache.velocity.runtime.log.AvalonLogChute
2017-03-22 23:50:57,052 - Couldn't find class org.apache.velocity.runtime.log.AvalonLogChute or necessary supporting classes in classpath.
java.lang.NoClassDefFoundError: org/apache/log/format/Formatter
	at java.lang.Class.forName0(Native Method)
	at java.lang.Class.forName(Class.java:348)
	at org.apache.velocity.util.ClassUtils.getClass(ClassUtils.java:63)
	at org.apache.velocity.util.ClassUtils.getNewInstance(ClassUtils.java:95)
	at org.apache.velocity.runtime.log.LogManager.createLogChute(LogManager.java:147)
	at org.apache.velocity.runtime.log.LogManager.updateLog(LogManager.java:208)
	at org.apache.velocity.runtime.RuntimeInstance.initializeLog(RuntimeInstance.java:728)
	at org.apache.velocity.runtime.RuntimeInstance.init(RuntimeInstance.java:240)
	at org.apache.velocity.runtime.RuntimeInstance.parse(RuntimeInstance.java:993)
	at org.apache.velocity.runtime.RuntimeInstance.parse(RuntimeInstance.java:972)
	at org.apache.velocity.runtime.RuntimeSingleton.parse(RuntimeSingleton.java:265)
	at org.apache.velocity.app.Velocity.evaluate(Velocity.java:274)
	at org.sonatype.mavenbook.weather.WeatherFormatter.format(WeatherFormatter.java:21)
	at org.sonatype.mavenbook.weather.yahoo.WeatherFormatterTest.testFormat(WeatherFormatterTest.java:23)
	at sun.reflect.NativeMethodAccessorImpl.invoke0(Native Method)
	at sun.reflect.NativeMethodAccessorImpl.invoke(NativeMethodAccessorImpl.java:62)
	at sun.reflect.DelegatingMethodAccessorImpl.invoke(DelegatingMethodAccessorImpl.java:43)
	at java.lang.reflect.Method.invoke(Method.java:498)
	at junit.framework.TestCase.runTest(TestCase.java:176)
	at junit.framework.TestCase.runBare(TestCase.java:141)
	at junit.framework.TestResult$1.protect(TestResult.java:122)
	at junit.framework.TestResult.runProtected(TestResult.java:142)
	at junit.framework.TestResult.run(TestResult.java:125)
	at junit.framework.TestCase.run(TestCase.java:129)
	at junit.framework.TestSuite.runTest(TestSuite.java:252)
	at junit.framework.TestSuite.run(TestSuite.java:247)
	at org.junit.internal.runners.JUnit38ClassRunner.run(JUnit38ClassRunner.java:86)
	at org.apache.maven.surefire.junit4.JUnit4Provider.execute(JUnit4Provider.java:252)
	at org.apache.maven.surefire.junit4.JUnit4Provider.executeTestSet(JUnit4Provider.java:141)
	at org.apache.maven.surefire.junit4.JUnit4Provider.invoke(JUnit4Provider.java:112)
	at sun.reflect.NativeMethodAccessorImpl.invoke0(Native Method)
	at sun.reflect.NativeMethodAccessorImpl.invoke(NativeMethodAccessorImpl.java:62)
	at sun.reflect.DelegatingMethodAccessorImpl.invoke(DelegatingMethodAccessorImpl.java:43)
	at java.lang.reflect.Method.invoke(Method.java:498)
	at org.apache.maven.surefire.util.ReflectionUtils.invokeMethodWithArray(ReflectionUtils.java:189)
	at org.apache.maven.surefire.booter.ProviderFactory$ProviderProxy.invoke(ProviderFactory.java:165)
	at org.apache.maven.surefire.booter.ProviderFactory.invokeProvider(ProviderFactory.java:85)
	at org.apache.maven.surefire.booter.ForkedBooter.runSuitesInProcess(ForkedBooter.java:115)
	at org.apache.maven.surefire.booter.ForkedBooter.main(ForkedBooter.java:75)
Caused by: java.lang.ClassNotFoundException: org.apache.log.format.Formatter
	at java.net.URLClassLoader.findClass(URLClassLoader.java:381)
	at java.lang.ClassLoader.loadClass(ClassLoader.java:424)
	at sun.misc.Launcher$AppClassLoader.loadClass(Launcher.java:331)
	at java.lang.ClassLoader.loadClass(ClassLoader.java:357)
	... 39 more
2017-03-22 23:50:57,053 - Trying to use logger class org.apache.velocity.runtime.log.Log4JLogChute
2017-03-22 23:50:57,053 - Using logger class org.apache.velocity.runtime.log.Log4JLogChute
2017-03-22 23:50:57,054 - Default ResourceManager initializing. (class org.apache.velocity.runtime.resource.ResourceManagerImpl)
2017-03-22 23:50:57,056 - ResourceLoader instantiated: org.apache.velocity.runtime.resource.loader.FileResourceLoader
2017-03-22 23:50:57,056 - Do unicode file recognition:  false
2017-03-22 23:50:57,057 - FileResourceLoader : adding path '.'
2017-03-22 23:50:57,063 - ResourceCache: initialized (class org.apache.velocity.runtime.resource.ResourceCacheImpl)
2017-03-22 23:50:57,064 - Loaded System Directive: org.apache.velocity.runtime.directive.Literal
2017-03-22 23:50:57,069 - Loaded System Directive: org.apache.velocity.runtime.directive.Macro
2017-03-22 23:50:57,070 - Loaded System Directive: org.apache.velocity.runtime.directive.Parse
2017-03-22 23:50:57,071 - Loaded System Directive: org.apache.velocity.runtime.directive.Include
2017-03-22 23:50:57,071 - Loaded System Directive: org.apache.velocity.runtime.directive.Foreach
2017-03-22 23:50:57,088 - Created '20' parsers.
2017-03-22 23:50:57,091 - Velocimacro : "velocimacro.library" is not set.  Trying default library: VM_global_library.vm
2017-03-22 23:50:57,091 - Velocimacro : Default library not found.
2017-03-22 23:50:57,091 - Velocimacro : allowInline = true : VMs can be defined inline in templates
2017-03-22 23:50:57,091 - Velocimacro : allowInlineToOverride = false : VMs defined inline may NOT replace previous VM definitions
2017-03-22 23:50:57,091 - Velocimacro : allowInlineLocal = false : VMs defined inline will be global in scope if allowed.
2017-03-22 23:50:57,091 - Velocimacro : autoload off : VM system will not automatically reload global library macros
2017-03-22 23:54:35,568 - Log4JLogChute initialized using file 'velocity.log'
2017-03-22 23:54:35,568 - Velocity was not initialized! Calling init()...
2017-03-22 23:54:35,568 - Starting Apache Velocity v1.5 (compiled: 2007-02-22 08:52:29)
2017-03-22 23:54:35,568 - Default Properties File: org/apache/velocity/runtime/defaults/velocity.properties
2017-03-22 23:54:35,568 - Trying to use logger class org.apache.velocity.runtime.log.AvalonLogChute
2017-03-22 23:54:35,568 - Couldn't find class org.apache.velocity.runtime.log.AvalonLogChute or necessary supporting classes in classpath.
java.lang.NoClassDefFoundError: org/apache/log/format/Formatter
	at java.lang.Class.forName0(Native Method)
	at java.lang.Class.forName(Class.java:348)
	at org.apache.velocity.util.ClassUtils.getClass(ClassUtils.java:63)
	at org.apache.velocity.util.ClassUtils.getNewInstance(ClassUtils.java:95)
	at org.apache.velocity.runtime.log.LogManager.createLogChute(LogManager.java:147)
	at org.apache.velocity.runtime.log.LogManager.updateLog(LogManager.java:208)
	at org.apache.velocity.runtime.RuntimeInstance.initializeLog(RuntimeInstance.java:728)
	at org.apache.velocity.runtime.RuntimeInstance.init(RuntimeInstance.java:240)
	at org.apache.velocity.runtime.RuntimeInstance.parse(RuntimeInstance.java:993)
	at org.apache.velocity.runtime.RuntimeInstance.parse(RuntimeInstance.java:972)
	at org.apache.velocity.runtime.RuntimeSingleton.parse(RuntimeSingleton.java:265)
	at org.apache.velocity.app.Velocity.evaluate(Velocity.java:274)
	at org.sonatype.mavenbook.weather.WeatherFormatter.format(WeatherFormatter.java:21)
	at org.sonatype.mavenbook.weather.yahoo.WeatherFormatterTest.testFormat(WeatherFormatterTest.java:23)
	at sun.reflect.NativeMethodAccessorImpl.invoke0(Native Method)
	at sun.reflect.NativeMethodAccessorImpl.invoke(NativeMethodAccessorImpl.java:62)
	at sun.reflect.DelegatingMethodAccessorImpl.invoke(DelegatingMethodAccessorImpl.java:43)
	at java.lang.reflect.Method.invoke(Method.java:498)
	at junit.framework.TestCase.runTest(TestCase.java:176)
	at junit.framework.TestCase.runBare(TestCase.java:141)
	at junit.framework.TestResult$1.protect(TestResult.java:122)
	at junit.framework.TestResult.runProtected(TestResult.java:142)
	at junit.framework.TestResult.run(TestResult.java:125)
	at junit.framework.TestCase.run(TestCase.java:129)
	at junit.framework.TestSuite.runTest(TestSuite.java:252)
	at junit.framework.TestSuite.run(TestSuite.java:247)
	at org.junit.internal.runners.JUnit38ClassRunner.run(JUnit38ClassRunner.java:86)
	at org.apache.maven.surefire.junit4.JUnit4Provider.execute(JUnit4Provider.java:252)
	at org.apache.maven.surefire.junit4.JUnit4Provider.executeTestSet(JUnit4Provider.java:141)
	at org.apache.maven.surefire.junit4.JUnit4Provider.invoke(JUnit4Provider.java:112)
	at sun.reflect.NativeMethodAccessorImpl.invoke0(Native Method)
	at sun.reflect.NativeMethodAccessorImpl.invoke(NativeMethodAccessorImpl.java:62)
	at sun.reflect.DelegatingMethodAccessorImpl.invoke(DelegatingMethodAccessorImpl.java:43)
	at java.lang.reflect.Method.invoke(Method.java:498)
	at org.apache.maven.surefire.util.ReflectionUtils.invokeMethodWithArray(ReflectionUtils.java:189)
	at org.apache.maven.surefire.booter.ProviderFactory$ProviderProxy.invoke(ProviderFactory.java:165)
	at org.apache.maven.surefire.booter.ProviderFactory.invokeProvider(ProviderFactory.java:85)
	at org.apache.maven.surefire.booter.ForkedBooter.runSuitesInProcess(ForkedBooter.java:115)
	at org.apache.maven.surefire.booter.ForkedBooter.main(ForkedBooter.java:75)
Caused by: java.lang.ClassNotFoundException: org.apache.log.format.Formatter
	at java.net.URLClassLoader.findClass(URLClassLoader.java:381)
	at java.lang.ClassLoader.loadClass(ClassLoader.java:424)
	at sun.misc.Launcher$AppClassLoader.loadClass(Launcher.java:331)
	at java.lang.ClassLoader.loadClass(ClassLoader.java:357)
	... 39 more
2017-03-22 23:54:35,570 - Trying to use logger class org.apache.velocity.runtime.log.Log4JLogChute
2017-03-22 23:54:35,570 - Using logger class org.apache.velocity.runtime.log.Log4JLogChute
2017-03-22 23:54:35,571 - Default ResourceManager initializing. (class org.apache.velocity.runtime.resource.ResourceManagerImpl)
2017-03-22 23:54:35,572 - ResourceLoader instantiated: org.apache.velocity.runtime.resource.loader.FileResourceLoader
2017-03-22 23:54:35,573 - Do unicode file recognition:  false
2017-03-22 23:54:35,573 - FileResourceLoader : adding path '.'
2017-03-22 23:54:35,579 - ResourceCache: initialized (class org.apache.velocity.runtime.resource.ResourceCacheImpl)
2017-03-22 23:54:35,580 - Loaded System Directive: org.apache.velocity.runtime.directive.Literal
2017-03-22 23:54:35,583 - Loaded System Directive: org.apache.velocity.runtime.directive.Macro
2017-03-22 23:54:35,585 - Loaded System Directive: org.apache.velocity.runtime.directive.Parse
2017-03-22 23:54:35,586 - Loaded System Directive: org.apache.velocity.runtime.directive.Include
2017-03-22 23:54:35,586 - Loaded System Directive: org.apache.velocity.runtime.directive.Foreach
2017-03-22 23:54:35,604 - Created '20' parsers.
2017-03-22 23:54:35,607 - Velocimacro : "velocimacro.library" is not set.  Trying default library: VM_global_library.vm
2017-03-22 23:54:35,607 - Velocimacro : Default library not found.
2017-03-22 23:54:35,607 - Velocimacro : allowInline = true : VMs can be defined inline in templates
2017-03-22 23:54:35,607 - Velocimacro : allowInlineToOverride = false : VMs defined inline may NOT replace previous VM definitions
2017-03-22 23:54:35,607 - Velocimacro : allowInlineLocal = false : VMs defined inline will be global in scope if allowed.
2017-03-22 23:54:35,607 - Velocimacro : autoload off : VM system will not automatically reload global library macros
2017-03-23 00:00:15,881 - Log4JLogChute initialized using file 'velocity.log'
2017-03-23 00:00:15,881 - Velocity was not initialized! Calling init()...
2017-03-23 00:00:15,882 - Starting Apache Velocity v1.5 (compiled: 2007-02-22 08:52:29)
2017-03-23 00:00:15,882 - Default Properties File: org/apache/velocity/runtime/defaults/velocity.properties
2017-03-23 00:00:15,882 - Trying to use logger class org.apache.velocity.runtime.log.AvalonLogChute
2017-03-23 00:00:15,882 - Couldn't find class org.apache.velocity.runtime.log.AvalonLogChute or necessary supporting classes in classpath.
java.lang.NoClassDefFoundError: org/apache/log/format/Formatter
	at java.lang.Class.forName0(Native Method)
	at java.lang.Class.forName(Class.java:348)
	at org.apache.velocity.util.ClassUtils.getClass(ClassUtils.java:63)
	at org.apache.velocity.util.ClassUtils.getNewInstance(ClassUtils.java:95)
	at org.apache.velocity.runtime.log.LogManager.createLogChute(LogManager.java:147)
	at org.apache.velocity.runtime.log.LogManager.updateLog(LogManager.java:208)
	at org.apache.velocity.runtime.RuntimeInstance.initializeLog(RuntimeInstance.java:728)
	at org.apache.velocity.runtime.RuntimeInstance.init(RuntimeInstance.java:240)
	at org.apache.velocity.runtime.RuntimeInstance.parse(RuntimeInstance.java:993)
	at org.apache.velocity.runtime.RuntimeInstance.parse(RuntimeInstance.java:972)
	at org.apache.velocity.runtime.RuntimeSingleton.parse(RuntimeSingleton.java:265)
	at org.apache.velocity.app.Velocity.evaluate(Velocity.java:274)
	at org.sonatype.mavenbook.weather.WeatherFormatter.format(WeatherFormatter.java:21)
	at org.sonatype.mavenbook.weather.yahoo.WeatherFormatterTest.testFormat(WeatherFormatterTest.java:23)
	at sun.reflect.NativeMethodAccessorImpl.invoke0(Native Method)
	at sun.reflect.NativeMethodAccessorImpl.invoke(NativeMethodAccessorImpl.java:62)
	at sun.reflect.DelegatingMethodAccessorImpl.invoke(DelegatingMethodAccessorImpl.java:43)
	at java.lang.reflect.Method.invoke(Method.java:498)
	at junit.framework.TestCase.runTest(TestCase.java:176)
	at junit.framework.TestCase.runBare(TestCase.java:141)
	at junit.framework.TestResult$1.protect(TestResult.java:122)
	at junit.framework.TestResult.runProtected(TestResult.java:142)
	at junit.framework.TestResult.run(TestResult.java:125)
	at junit.framework.TestCase.run(TestCase.java:129)
	at junit.framework.TestSuite.runTest(TestSuite.java:252)
	at junit.framework.TestSuite.run(TestSuite.java:247)
	at org.junit.internal.runners.JUnit38ClassRunner.run(JUnit38ClassRunner.java:86)
	at org.apache.maven.surefire.junit4.JUnit4Provider.execute(JUnit4Provider.java:252)
	at org.apache.maven.surefire.junit4.JUnit4Provider.executeTestSet(JUnit4Provider.java:141)
	at org.apache.maven.surefire.junit4.JUnit4Provider.invoke(JUnit4Provider.java:112)
	at sun.reflect.NativeMethodAccessorImpl.invoke0(Native Method)
	at sun.reflect.NativeMethodAccessorImpl.invoke(NativeMethodAccessorImpl.java:62)
	at sun.reflect.DelegatingMethodAccessorImpl.invoke(DelegatingMethodAccessorImpl.java:43)
	at java.lang.reflect.Method.invoke(Method.java:498)
	at org.apache.maven.surefire.util.ReflectionUtils.invokeMethodWithArray(ReflectionUtils.java:189)
	at org.apache.maven.surefire.booter.ProviderFactory$ProviderProxy.invoke(ProviderFactory.java:165)
	at org.apache.maven.surefire.booter.ProviderFactory.invokeProvider(ProviderFactory.java:85)
	at org.apache.maven.surefire.booter.ForkedBooter.runSuitesInProcess(ForkedBooter.java:115)
	at org.apache.maven.surefire.booter.ForkedBooter.main(ForkedBooter.java:75)
Caused by: java.lang.ClassNotFoundException: org.apache.log.format.Formatter
	at java.net.URLClassLoader.findClass(URLClassLoader.java:381)
	at java.lang.ClassLoader.loadClass(ClassLoader.java:424)
	at sun.misc.Launcher$AppClassLoader.loadClass(Launcher.java:331)
	at java.lang.ClassLoader.loadClass(ClassLoader.java:357)
	... 39 more
2017-03-23 00:00:15,883 - Trying to use logger class org.apache.velocity.runtime.log.Log4JLogChute
2017-03-23 00:00:15,884 - Using logger class org.apache.velocity.runtime.log.Log4JLogChute
2017-03-23 00:00:15,885 - Default ResourceManager initializing. (class org.apache.velocity.runtime.resource.ResourceManagerImpl)
2017-03-23 00:00:15,886 - ResourceLoader instantiated: org.apache.velocity.runtime.resource.loader.FileResourceLoader
2017-03-23 00:00:15,887 - Do unicode file recognition:  false
2017-03-23 00:00:15,887 - FileResourceLoader : adding path '.'
2017-03-23 00:00:15,893 - ResourceCache: initialized (class org.apache.velocity.runtime.resource.ResourceCacheImpl)
2017-03-23 00:00:15,893 - Loaded System Directive: org.apache.velocity.runtime.directive.Literal
2017-03-23 00:00:15,899 - Loaded System Directive: org.apache.velocity.runtime.directive.Macro
2017-03-23 00:00:15,899 - Loaded System Directive: org.apache.velocity.runtime.directive.Parse
2017-03-23 00:00:15,900 - Loaded System Directive: org.apache.velocity.runtime.directive.Include
2017-03-23 00:00:15,901 - Loaded System Directive: org.apache.velocity.runtime.directive.Foreach
2017-03-23 00:00:15,917 - Created '20' parsers.
2017-03-23 00:00:15,920 - Velocimacro : "velocimacro.library" is not set.  Trying default library: VM_global_library.vm
2017-03-23 00:00:15,920 - Velocimacro : Default library not found.
2017-03-23 00:00:15,920 - Velocimacro : allowInline = true : VMs can be defined inline in templates
2017-03-23 00:00:15,920 - Velocimacro : allowInlineToOverride = false : VMs defined inline may NOT replace previous VM definitions
2017-03-23 00:00:15,920 - Velocimacro : allowInlineLocal = false : VMs defined inline will be global in scope if allowed.
2017-03-23 00:00:15,920 - Velocimacro : autoload off : VM system will not automatically reload global library macros
2017-03-29 22:18:49,579 - Log4JLogChute initialized using file 'velocity.log'
2017-03-29 22:18:49,580 - Velocity was not initialized! Calling init()...
2017-03-29 22:18:49,580 - Starting Apache Velocity v1.5 (compiled: 2007-02-22 08:52:29)
2017-03-29 22:18:49,580 - Default Properties File: org/apache/velocity/runtime/defaults/velocity.properties
2017-03-29 22:18:49,580 - Trying to use logger class org.apache.velocity.runtime.log.AvalonLogChute
2017-03-29 22:18:49,581 - Couldn't find class org.apache.velocity.runtime.log.AvalonLogChute or necessary supporting classes in classpath.
java.lang.NoClassDefFoundError: org/apache/log/format/Formatter
	at java.lang.Class.forName0(Native Method)
	at java.lang.Class.forName(Class.java:348)
	at org.apache.velocity.util.ClassUtils.getClass(ClassUtils.java:63)
	at org.apache.velocity.util.ClassUtils.getNewInstance(ClassUtils.java:95)
	at org.apache.velocity.runtime.log.LogManager.createLogChute(LogManager.java:147)
	at org.apache.velocity.runtime.log.LogManager.updateLog(LogManager.java:208)
	at org.apache.velocity.runtime.RuntimeInstance.initializeLog(RuntimeInstance.java:728)
	at org.apache.velocity.runtime.RuntimeInstance.init(RuntimeInstance.java:240)
	at org.apache.velocity.runtime.RuntimeInstance.parse(RuntimeInstance.java:993)
	at org.apache.velocity.runtime.RuntimeInstance.parse(RuntimeInstance.java:972)
	at org.apache.velocity.runtime.RuntimeSingleton.parse(RuntimeSingleton.java:265)
	at org.apache.velocity.app.Velocity.evaluate(Velocity.java:274)
	at org.sonatype.mavenbook.weather.WeatherFormatter.format(WeatherFormatter.java:21)
	at org.sonatype.mavenbook.weather.yahoo.WeatherFormatterTest.testFormat(WeatherFormatterTest.java:23)
	at sun.reflect.NativeMethodAccessorImpl.invoke0(Native Method)
	at sun.reflect.NativeMethodAccessorImpl.invoke(NativeMethodAccessorImpl.java:62)
	at sun.reflect.DelegatingMethodAccessorImpl.invoke(DelegatingMethodAccessorImpl.java:43)
	at java.lang.reflect.Method.invoke(Method.java:498)
	at junit.framework.TestCase.runTest(TestCase.java:176)
	at junit.framework.TestCase.runBare(TestCase.java:141)
	at junit.framework.TestResult$1.protect(TestResult.java:122)
	at junit.framework.TestResult.runProtected(TestResult.java:142)
	at junit.framework.TestResult.run(TestResult.java:125)
	at junit.framework.TestCase.run(TestCase.java:129)
	at junit.framework.TestSuite.runTest(TestSuite.java:252)
	at junit.framework.TestSuite.run(TestSuite.java:247)
	at org.junit.internal.runners.JUnit38ClassRunner.run(JUnit38ClassRunner.java:86)
	at org.apache.maven.surefire.junit4.JUnit4Provider.execute(JUnit4Provider.java:252)
	at org.apache.maven.surefire.junit4.JUnit4Provider.executeTestSet(JUnit4Provider.java:141)
	at org.apache.maven.surefire.junit4.JUnit4Provider.invoke(JUnit4Provider.java:112)
	at sun.reflect.NativeMethodAccessorImpl.invoke0(Native Method)
	at sun.reflect.NativeMethodAccessorImpl.invoke(NativeMethodAccessorImpl.java:62)
	at sun.reflect.DelegatingMethodAccessorImpl.invoke(DelegatingMethodAccessorImpl.java:43)
	at java.lang.reflect.Method.invoke(Method.java:498)
	at org.apache.maven.surefire.util.ReflectionUtils.invokeMethodWithArray(ReflectionUtils.java:189)
	at org.apache.maven.surefire.booter.ProviderFactory$ProviderProxy.invoke(ProviderFactory.java:165)
	at org.apache.maven.surefire.booter.ProviderFactory.invokeProvider(ProviderFactory.java:85)
	at org.apache.maven.surefire.booter.ForkedBooter.runSuitesInProcess(ForkedBooter.java:115)
	at org.apache.maven.surefire.booter.ForkedBooter.main(ForkedBooter.java:75)
Caused by: java.lang.ClassNotFoundException: org.apache.log.format.Formatter
	at java.net.URLClassLoader.findClass(URLClassLoader.java:381)
	at java.lang.ClassLoader.loadClass(ClassLoader.java:424)
	at sun.misc.Launcher$AppClassLoader.loadClass(Launcher.java:331)
	at java.lang.ClassLoader.loadClass(ClassLoader.java:357)
	... 39 more
2017-03-29 22:18:49,582 - Trying to use logger class org.apache.velocity.runtime.log.Log4JLogChute
2017-03-29 22:18:49,582 - Using logger class org.apache.velocity.runtime.log.Log4JLogChute
2017-03-29 22:18:49,584 - Default ResourceManager initializing. (class org.apache.velocity.runtime.resource.ResourceManagerImpl)
2017-03-29 22:18:49,586 - ResourceLoader instantiated: org.apache.velocity.runtime.resource.loader.FileResourceLoader
2017-03-29 22:18:49,587 - Do unicode file recognition:  false
2017-03-29 22:18:49,587 - FileResourceLoader : adding path '.'
2017-03-29 22:18:49,598 - ResourceCache: initialized (class org.apache.velocity.runtime.resource.ResourceCacheImpl)
2017-03-29 22:18:49,599 - Loaded System Directive: org.apache.velocity.runtime.directive.Literal
2017-03-29 22:18:49,600 - Loaded System Directive: org.apache.velocity.runtime.directive.Macro
2017-03-29 22:18:49,601 - Loaded System Directive: org.apache.velocity.runtime.directive.Parse
2017-03-29 22:18:49,602 - Loaded System Directive: org.apache.velocity.runtime.directive.Include
2017-03-29 22:18:49,602 - Loaded System Directive: org.apache.velocity.runtime.directive.Foreach
2017-03-29 22:18:49,620 - Created '20' parsers.
2017-03-29 22:18:49,624 - Velocimacro : "velocimacro.library" is not set.  Trying default library: VM_global_library.vm
2017-03-29 22:18:49,624 - Velocimacro : Default library not found.
2017-03-29 22:18:49,624 - Velocimacro : allowInline = true : VMs can be defined inline in templates
2017-03-29 22:18:49,624 - Velocimacro : allowInlineToOverride = false : VMs defined inline may NOT replace previous VM definitions
2017-03-29 22:18:49,624 - Velocimacro : allowInlineLocal = false : VMs defined inline will be global in scope if allowed.
2017-03-29 22:18:49,624 - Velocimacro : autoload off : VM system will not automatically reload global library macros
